<?xml version="1.0" encoding="UTF-8"?>
<Site BuildName="Linux-c++"
	BuildStamp="20241020-0938-Experimental"
	Name="oslab-virtual-machine"
	Generator="ctest-3.22.1"
	CompilerName="/usr/bin/c++"
	CompilerVersion="11.4.0"
	OSName="Linux"
	Hostname="oslab-virtual-machine"
	OSRelease="6.8.0-45-generic"
	OSVersion="#45~22.04.1-Ubuntu SMP PREEMPT_DYNAMIC Wed Sep 11 15:25:05 UTC 2"
	OSPlatform="x86_64"
	Is64Bits="1"
	VendorString="GenuineIntel"
	VendorID="Intel Corporation"
	FamilyID="6"
	ModelID="183"
	ProcessorCacheSize="24576"
	NumberOfLogicalCPU="8"
	NumberOfPhysicalCPU="8"
	TotalVirtualMemory="2047"
	TotalPhysicalMemory="3868"
	LogicalProcessorsPerPhysical="1"
	ProcessorClockFrequency="2803.2"
	>
	<Testing>
		<StartDateTime>Oct 20 22:13 CST</StartDateTime>
		<StartTestTime>1729433609</StartTestTime>
		<TestList/>
		<EndDateTime>Oct 20 22:13 CST</EndDateTime>
		<EndTestTime>1729433609</EndTestTime>
		<ElapsedMinutes>0</ElapsedMinutes>
	</Testing>
</Site>
